Mar-25 13:51:19.511 [main] DEBUG nextflow.cli.Launcher - $> nextflow run example2.nf
Mar-25 13:51:19.661 [main] INFO  nextflow.cli.CmdRun - N E X T F L O W  ~  version 23.10.1
Mar-25 13:51:19.678 [main] DEBUG nextflow.plugin.PluginsFacade - Setting up plugin manager > mode=prod; embedded=false; plugins-dir=/home/cruiz/.nextflow/plugins; core-plugins: nf-amazon@2.1.4,nf-azure@1.3.3,nf-cloudcache@0.3.0,nf-codecommit@0.1.5,nf-console@1.0.6,nf-ga4gh@1.1.0,nf-google@1.8.3,nf-tower@1.6.3,nf-wave@1.0.1
Mar-25 13:51:19.702 [main] INFO  o.pf4j.DefaultPluginStatusProvider - Enabled plugins: []
Mar-25 13:51:19.707 [main] INFO  o.pf4j.DefaultPluginStatusProvider - Disabled plugins: []
Mar-25 13:51:19.712 [main] INFO  org.pf4j.DefaultPluginManager - PF4J version 3.4.1 in 'deployment' mode
Mar-25 13:51:19.736 [main] INFO  org.pf4j.AbstractPluginManager - No plugins
Mar-25 13:51:19.819 [main] DEBUG nextflow.cli.CmdRun - Applied DSL=2 by global default
Mar-25 13:51:19.843 [main] INFO  nextflow.cli.CmdRun - Launching `example2.nf` [infallible_swanson] DSL2 - revision: b97131b38d
Mar-25 13:51:19.845 [main] DEBUG nextflow.plugin.PluginsFacade - Plugins default=[]
Mar-25 13:51:19.846 [main] DEBUG nextflow.plugin.PluginsFacade - Plugins resolved requirement=[]
Mar-25 13:51:19.856 [main] DEBUG n.secret.LocalSecretsProvider - Secrets store: /home/cruiz/.nextflow/secrets/store.json
Mar-25 13:51:19.870 [main] DEBUG nextflow.secret.SecretsLoader - Discovered secrets providers: [nextflow.secret.LocalSecretsProvider@1869f114] - activable => nextflow.secret.LocalSecretsProvider@1869f114
Mar-25 13:51:19.930 [main] DEBUG nextflow.Session - Session UUID: f3ef20fa-b694-4bca-8ab6-34d91290cb39
Mar-25 13:51:19.931 [main] DEBUG nextflow.Session - Run name: infallible_swanson
Mar-25 13:51:19.935 [main] DEBUG nextflow.Session - Executor pool size: 20
Mar-25 13:51:19.946 [main] DEBUG nextflow.file.FilePorter - File porter settings maxRetries=3; maxTransfers=50; pollTimeout=null
Mar-25 13:51:19.977 [main] DEBUG nextflow.cli.CmdRun - 
  Version: 23.10.1 build 5891
  Created: 12-01-2024 22:01 UTC (23:01 CEST)
  System: Linux 5.10.16.3-microsoft-standard-WSL2
  Runtime: Groovy 3.0.19 on OpenJDK 64-Bit Server VM 21.0.2+13-LTS
  Encoding: UTF-8 (UTF-8)
  Process: 7720@U2003021 [127.0.1.1]
  CPUs: 20 - Mem: 24.8 GB (23.8 GB) - Swap: 7 GB (7 GB) - Virtual threads ON
Mar-25 13:51:20.032 [main] DEBUG nextflow.Session - Work-dir: /mnt/c/Users/cruizarenas/Repositories/nextflow_introduction/ToyExample1/work [v9fs]
Mar-25 13:51:20.076 [main] DEBUG nextflow.executor.ExecutorFactory - Extension executors providers=[]
Mar-25 13:51:20.097 [main] DEBUG nextflow.Session - Observer factory: DefaultObserverFactory
Mar-25 13:51:20.131 [main] DEBUG nextflow.cache.CacheFactory - Using Nextflow cache factory: nextflow.cache.DefaultCacheFactory
Mar-25 13:51:20.144 [main] DEBUG nextflow.util.CustomPoolFactory - Creating virtual thread pool
Mar-25 13:51:20.398 [main] DEBUG nextflow.Session - Session start
Mar-25 13:51:20.961 [main] DEBUG nextflow.script.ScriptRunner - > Launching execution
Mar-25 13:51:21.353 [main] DEBUG nextflow.executor.ExecutorFactory - << taskConfig executor: null
Mar-25 13:51:21.353 [main] DEBUG nextflow.executor.ExecutorFactory - >> processorType: 'local'
Mar-25 13:51:21.361 [main] DEBUG nextflow.executor.Executor - [warm up] executor > local
Mar-25 13:51:21.368 [main] DEBUG n.processor.LocalPollingMonitor - Creating local task monitor for executor 'local' > cpus=20; memory=24.8 GB; capacity=20; pollInterval=100ms; dumpInterval=5m
Mar-25 13:51:21.371 [main] DEBUG n.processor.TaskPollingMonitor - >>> barrier register (monitor: local)
Mar-25 13:51:21.496 [main] DEBUG nextflow.executor.ExecutorFactory - << taskConfig executor: null
Mar-25 13:51:21.496 [main] DEBUG nextflow.executor.ExecutorFactory - >> processorType: 'local'
Mar-25 13:51:21.510 [main] DEBUG nextflow.Session - Workflow process names [dsl2]: CONVERTTOUPPER, TOYEXAMPLEPY:SPLITWORDSPY, TOYEXAMPLEPY:CONVERTTOUPPER, SPLITWORDSPY
Mar-25 13:51:21.511 [main] DEBUG nextflow.Session - Igniting dataflow network (3)
Mar-25 13:51:21.512 [main] DEBUG nextflow.processor.TaskProcessor - Starting process > TOYEXAMPLEPY:SPLITWORDSPY
Mar-25 13:51:21.513 [main] DEBUG nextflow.processor.TaskProcessor - Starting process > TOYEXAMPLEPY:CONVERTTOUPPER
Mar-25 13:51:21.514 [main] DEBUG nextflow.script.ScriptRunner - Parsed script files:
  Script_fa841e870dfd2c12: /mnt/c/Users/cruizarenas/Repositories/nextflow_introduction/ToyExample1/./workflows/../modules/convertToUpper/main.nf
  Script_ee1bd2af9862ddea: /mnt/c/Users/cruizarenas/Repositories/nextflow_introduction/ToyExample1/./workflows/toyExamplePy.nf
  Script_1b40a49bd11b9d26: /mnt/c/Users/cruizarenas/Repositories/nextflow_introduction/ToyExample1/example2.nf
  Script_9086b34521237951: /mnt/c/Users/cruizarenas/Repositories/nextflow_introduction/ToyExample1/./workflows/../modules/splitWordsPy/main.nf
Mar-25 13:51:21.515 [main] DEBUG nextflow.script.ScriptRunner - > Awaiting termination 
Mar-25 13:51:21.516 [main] DEBUG nextflow.Session - Session await
Mar-25 13:51:21.715 [Task submitter] DEBUG n.executor.local.LocalTaskHandler - Launch cmd line: /bin/bash -ue .command.run
Mar-25 13:51:21.719 [Task submitter] INFO  nextflow.Session - [8d/88522c] Submitted process > TOYEXAMPLEPY:SPLITWORDSPY (1)
Mar-25 13:51:21.834 [Task monitor] DEBUG n.processor.TaskPollingMonitor - Task completed > TaskHandler[id: 1; name: TOYEXAMPLEPY:SPLITWORDSPY (1); status: COMPLETED; exit: 0; error: -; workDir: /mnt/c/Users/cruizarenas/Repositories/nextflow_introduction/ToyExample1/work/8d/88522c108071e9e82d6a1d0e369b9c]
Mar-25 13:51:21.943 [Task submitter] DEBUG n.executor.local.LocalTaskHandler - Launch cmd line: /bin/bash -ue .command.run
Mar-25 13:51:21.944 [Task submitter] INFO  nextflow.Session - [7b/1b51ef] Submitted process > TOYEXAMPLEPY:CONVERTTOUPPER (1)
Mar-25 13:51:21.978 [Task submitter] DEBUG n.executor.local.LocalTaskHandler - Launch cmd line: /bin/bash -ue .command.run
Mar-25 13:51:21.979 [Task submitter] INFO  nextflow.Session - [7c/d0acb8] Submitted process > TOYEXAMPLEPY:CONVERTTOUPPER (2)
Mar-25 13:51:22.013 [Task monitor] DEBUG n.processor.TaskPollingMonitor - Task completed > TaskHandler[id: 2; name: TOYEXAMPLEPY:CONVERTTOUPPER (1); status: COMPLETED; exit: 0; error: -; workDir: /mnt/c/Users/cruizarenas/Repositories/nextflow_introduction/ToyExample1/work/7b/1b51efad5638f9a3a3fc9e62f975b5]
Mar-25 13:51:22.040 [Task monitor] DEBUG n.processor.TaskPollingMonitor - Task completed > TaskHandler[id: 3; name: TOYEXAMPLEPY:CONVERTTOUPPER (2); status: COMPLETED; exit: 0; error: -; workDir: /mnt/c/Users/cruizarenas/Repositories/nextflow_introduction/ToyExample1/work/7c/d0acb8c99f23a125de6807bc32ef05]
Mar-25 13:51:22.047 [main] DEBUG nextflow.Session - Session await > all processes finished
Mar-25 13:51:22.051 [Task monitor] DEBUG n.processor.TaskPollingMonitor - <<< barrier arrives (monitor: local) - terminating tasks monitor poll loop
Mar-25 13:51:22.052 [main] DEBUG nextflow.Session - Session await > all barriers passed
Mar-25 13:51:22.062 [main] DEBUG n.trace.WorkflowStatsObserver - Workflow completed > WorkflowStats[succeededCount=3; failedCount=0; ignoredCount=0; cachedCount=0; pendingCount=0; submittedCount=0; runningCount=0; retriesCount=0; abortedCount=0; succeedDuration=54ms; failedDuration=0ms; cachedDuration=0ms;loadCpus=0; loadMemory=0; peakRunning=1; peakCpus=1; peakMemory=0; ]
Mar-25 13:51:22.290 [main] DEBUG nextflow.cache.CacheDB - Closing CacheDB done
Mar-25 13:51:22.338 [main] DEBUG nextflow.util.ThreadPoolManager - Thread pool 'FileTransfer' shutdown completed (hard=false)
Mar-25 13:51:22.338 [main] DEBUG nextflow.script.ScriptRunner - > Execution complete -- Goodbye
